{"/Users/charlyxie/Desktop/nc-mainproj/test/unit/testDashboard.js":{"path":"/Users/charlyxie/Desktop/nc-mainproj/test/unit/testDashboard.js","s":{"1":1,"2":1,"3":1,"4":1,"5":1,"6":0,"7":0,"8":0,"9":0},"b":{},"f":{"1":0},"fnMap":{"1":{"name":"(anonymous_1)","line":6,"loc":{"start":{"line":6,"column":32},"end":{"line":6,"column":44}}}},"statementMap":{"1":{"start":{"line":1,"column":0},"end":{"line":1,"column":35}},"2":{"start":{"line":2,"column":0},"end":{"line":2,"column":33}},"3":{"start":{"line":3,"column":0},"end":{"line":3,"column":30}},"4":{"start":{"line":4,"column":0},"end":{"line":4,"column":36}},"5":{"start":{"line":6,"column":0},"end":{"line":12,"column":3}},"6":{"start":{"line":7,"column":2},"end":{"line":7,"column":93}},"7":{"start":{"line":8,"column":2},"end":{"line":8,"column":96}},"8":{"start":{"line":9,"column":2},"end":{"line":9,"column":96}},"9":{"start":{"line":10,"column":2},"end":{"line":10,"column":98}}},"branchMap":{}}}